<?xml version="1.0" encoding="UTF-8"?>
<!-- Generated by org.testng.reporters.JUnitXMLReporter -->
<testsuite hostname="e7450-efi" failures="0" tests="3" name="Default test" time="40.337" errors="0" timestamp="24 Nov 2021 06:20:01 GMT">
  <testcase classname="com.QA.hubspot.testlayer.LoginPageTest" name="verfiyLoginPageTitleTest" time="8.039"/>
  <testcase classname="com.QA.hubspot.testlayer.LoginPageTest" name="verifySignUpLinkTest" time="0.139"/>
  <testcase classname="com.QA.hubspot.testlayer.LoginPageTest" name="loginTest" time="0.565"/>
</testsuite> <!-- Default test -->
