<?xml version="1.0" encoding="UTF-8"?>
<testng-results total="3" passed="3" failed="0" skipped="0">
  <reporter-output>
  </reporter-output>
  <suite started-at="2021-11-24T06:19:20Z" name="Default suite" finished-at="2021-11-24T06:20:01Z" duration-ms="40337">
    <groups>
    </groups>
    <test started-at="2021-11-24T06:19:20Z" name="Default test" finished-at="2021-11-24T06:20:01Z" duration-ms="40337">
      <class name="com.QA.hubspot.testlayer.LoginPageTest">
        <test-method is-config="true" signature="setUp()[pri:0, instance:com.QA.hubspot.testlayer.LoginPageTest@e15b7e8]" started-at="2021-11-24T11:49:20Z" name="setUp" finished-at="2021-11-24T11:49:33Z" duration-ms="12753" status="PASS">
          <reporter-output>
          </reporter-output>
        </test-method> <!-- setUp -->
        <test-method signature="verfiyLoginPageTitleTest()[pri:0, instance:com.QA.hubspot.testlayer.LoginPageTest@e15b7e8]" started-at="2021-11-24T11:49:33Z" name="verfiyLoginPageTitleTest" finished-at="2021-11-24T11:49:41Z" duration-ms="8039" status="PASS">
          <reporter-output>
          </reporter-output>
        </test-method> <!-- verfiyLoginPageTitleTest -->
        <test-method is-config="true" signature="tearDown()[pri:0, instance:com.QA.hubspot.testlayer.LoginPageTest@e15b7e8]" started-at="2021-11-24T11:49:41Z" name="tearDown" finished-at="2021-11-24T11:49:42Z" duration-ms="851" status="PASS">
          <reporter-output>
          </reporter-output>
        </test-method> <!-- tearDown -->
        <test-method is-config="true" signature="setUp()[pri:0, instance:com.QA.hubspot.testlayer.LoginPageTest@e15b7e8]" started-at="2021-11-24T11:49:42Z" name="setUp" finished-at="2021-11-24T11:49:49Z" duration-ms="6513" status="PASS">
          <reporter-output>
          </reporter-output>
        </test-method> <!-- setUp -->
        <test-method signature="verifySignUpLinkTest()[pri:0, instance:com.QA.hubspot.testlayer.LoginPageTest@e15b7e8]" started-at="2021-11-24T11:49:49Z" name="verifySignUpLinkTest" finished-at="2021-11-24T11:49:49Z" duration-ms="139" status="PASS">
          <reporter-output>
          </reporter-output>
        </test-method> <!-- verifySignUpLinkTest -->
        <test-method is-config="true" signature="tearDown()[pri:0, instance:com.QA.hubspot.testlayer.LoginPageTest@e15b7e8]" started-at="2021-11-24T11:49:49Z" name="tearDown" finished-at="2021-11-24T11:49:50Z" duration-ms="898" status="PASS">
          <reporter-output>
          </reporter-output>
        </test-method> <!-- tearDown -->
        <test-method is-config="true" signature="setUp()[pri:0, instance:com.QA.hubspot.testlayer.LoginPageTest@e15b7e8]" started-at="2021-11-24T11:49:50Z" name="setUp" finished-at="2021-11-24T11:49:59Z" duration-ms="9196" status="PASS">
          <reporter-output>
          </reporter-output>
        </test-method> <!-- setUp -->
        <test-method signature="loginTest()[pri:0, instance:com.QA.hubspot.testlayer.LoginPageTest@e15b7e8]" started-at="2021-11-24T11:49:59Z" name="loginTest" finished-at="2021-11-24T11:49:59Z" duration-ms="565" status="PASS">
          <reporter-output>
          </reporter-output>
        </test-method> <!-- loginTest -->
        <test-method is-config="true" signature="tearDown()[pri:0, instance:com.QA.hubspot.testlayer.LoginPageTest@e15b7e8]" started-at="2021-11-24T11:49:59Z" name="tearDown" finished-at="2021-11-24T11:50:01Z" duration-ms="1345" status="PASS">
          <reporter-output>
          </reporter-output>
        </test-method> <!-- tearDown -->
      </class> <!-- com.QA.hubspot.testlayer.LoginPageTest -->
    </test> <!-- Default test -->
  </suite> <!-- Default suite -->
</testng-results>
